<?xml version="1.0" encoding="UTF-8"?>
<testsuite xmlns:xsi="http://www.w3.org/2001/XMLSchema-instance" xsi:noNamespaceSchemaLocation="https://maven.apache.org/surefire/maven-surefire-plugin/xsd/surefire-test-report.xsd" name="ru.HW.AppTest" time="0.024" tests="1" errors="1" skipped="0" failures="0">
  <properties>
    <property name="java.specification.version" value="17"/>
    <property name="sun.cpu.isalist" value="amd64"/>
    <property name="sun.jnu.encoding" value="Cp1251"/>
    <property name="java.class.path" value="C:\Users\1\Desktop\ВидеоGB\JavaDevelopmentKit\HW\HW6\maven-HW\target\test-classes;C:\Users\1\Desktop\ВидеоGB\JavaDevelopmentKit\HW\HW6\maven-HW\target\classes;C:\Users\1\.m2\repository\junit\junit\4.13.2\junit-4.13.2.jar;C:\Users\1\.m2\repository\org\projectlombok\lombok\1.18.24\lombok-1.18.24.jar;C:\Users\1\.m2\repository\org\apache\commons\commons-math3\3.6.1\commons-math3-3.6.1.jar;"/>
    <property name="java.vm.vendor" value="JetBrains s.r.o."/>
    <property name="sun.arch.data.model" value="64"/>
    <property name="user.variant" value=""/>
    <property name="java.vendor.url" value="https://openjdk.java.net/"/>
    <property name="user.timezone" value="Europe/Moscow"/>
    <property name="os.name" value="Windows 10"/>
    <property name="java.vm.specification.version" value="17"/>
    <property name="sun.java.launcher" value="SUN_STANDARD"/>
    <property name="user.country" value="RU"/>
    <property name="sun.boot.library.path" value="C:\Program Files\JetBrains\IntelliJ IDEA Community Edition 2023.1.1\jbr\bin"/>
    <property name="sun.java.command" value="C:\Users\1\AppData\Local\Temp\surefire16416723410925244184\surefirebooter1031332591915597400.jar C:\Users\1\AppData\Local\Temp\surefire16416723410925244184 2024-02-26T08-36-17_844-jvmRun1 surefire18411134092338946405tmp surefire_07025142453861847895tmp"/>
    <property name="jdk.debug" value="release"/>
    <property name="surefire.test.class.path" value="C:\Users\1\Desktop\ВидеоGB\JavaDevelopmentKit\HW\HW6\maven-HW\target\test-classes;C:\Users\1\Desktop\ВидеоGB\JavaDevelopmentKit\HW\HW6\maven-HW\target\classes;C:\Users\1\.m2\repository\junit\junit\4.13.2\junit-4.13.2.jar;C:\Users\1\.m2\repository\org\projectlombok\lombok\1.18.24\lombok-1.18.24.jar;C:\Users\1\.m2\repository\org\apache\commons\commons-math3\3.6.1\commons-math3-3.6.1.jar;"/>
    <property name="sun.cpu.endian" value="little"/>
    <property name="user.home" value="C:\Users\1"/>
    <property name="user.language" value="ru"/>
    <property name="java.specification.vendor" value="Oracle Corporation"/>
    <property name="java.version.date" value="2023-01-17"/>
    <property name="java.home" value="C:\Program Files\JetBrains\IntelliJ IDEA Community Edition 2023.1.1\jbr"/>
    <property name="file.separator" value="\"/>
    <property name="basedir" value="C:\Users\1\Desktop\ВидеоGB\JavaDevelopmentKit\HW\HW6\maven-HW"/>
    <property name="java.vm.compressedOopsMode" value="Zero based"/>
    <property name="line.separator" value="&#10;"/>
    <property name="java.vm.specification.vendor" value="Oracle Corporation"/>
    <property name="java.specification.name" value="Java Platform API Specification"/>
    <property name="jbr.virtualization.information" value="No virtualization detected"/>
    <property name="surefire.real.class.path" value="C:\Users\1\AppData\Local\Temp\surefire16416723410925244184\surefirebooter1031332591915597400.jar"/>
    <property name="user.script" value=""/>
    <property name="sun.management.compiler" value="HotSpot 64-Bit Tiered Compilers"/>
    <property name="java.runtime.version" value="17.0.6+10-b829.9"/>
    <property name="user.name" value="1"/>
    <property name="path.separator" value=";"/>
    <property name="os.version" value="10.0"/>
    <property name="java.runtime.name" value="OpenJDK Runtime Environment"/>
    <property name="file.encoding" value="Cp1251"/>
    <property name="java.vm.name" value="OpenJDK 64-Bit Server VM"/>
    <property name="java.vendor.version" value="JBR-17.0.6+10-829.9-jcef"/>
    <property name="localRepository" value="C:\Users\1\.m2\repository"/>
    <property name="java.vendor.url.bug" value="https://bugreport.java.com/bugreport/"/>
    <property name="java.io.tmpdir" value="C:\Users\1\AppData\Local\Temp\"/>
    <property name="java.version" value="17.0.6"/>
    <property name="user.dir" value="C:\Users\1\Desktop\ВидеоGB\JavaDevelopmentKit\HW\HW6\maven-HW"/>
    <property name="os.arch" value="amd64"/>
    <property name="java.vm.specification.name" value="Java Virtual Machine Specification"/>
    <property name="sun.os.patch.level" value=""/>
    <property name="native.encoding" value="Cp1251"/>
    <property name="java.library.path" value="C:\Program Files\JetBrains\IntelliJ IDEA Community Edition 2023.1.1\jbr\bin;C:\Windows\Sun\Java\bin;C:\Windows\system32;C:\Windows;C:\Program Files\JetBrains\IntelliJ IDEA Community Edition 2023.1.1\jbr\bin;C:\Program Files\JetBrains\IntelliJ IDEA Community Edition 2023.1.1\bin;C:\Windows\system32;C:\Windows;C:\Windows\System32\Wbem;C:\Windows\System32\WindowsPowerShell\v1.0\;C:\Windows\System32\OpenSSH\;C:\Program Files\Git\cmd;C:\Program Files\Maven-3.9.6\bin;C:\Users\1\AppData\Local\Programs\Python\Launcher\;C:\Program Files\MySQL\MySQL Shell 8.0\bin\;C:\Users\1\AppData\Local\Microsoft\WindowsApps;C:\Users\1\AppData\Local\GitHubDesktop\bin;C:\Program Files\Java\jre1.8.0_351\bin;C:\Program Files\Maven-3.9.6\bin;;."/>
    <property name="java.vm.info" value="mixed mode"/>
    <property name="java.vendor" value="JetBrains s.r.o."/>
    <property name="java.vm.version" value="17.0.6+10-b829.9"/>
    <property name="sun.io.unicode.encoding" value="UnicodeLittle"/>
    <property name="java.class.version" value="61.0"/>
  </properties>
  <testcase name="initializationError" classname="ru.HW.AppTest" time="0.007">
    <error message="org/hamcrest/SelfDescribing" type="java.lang.NoClassDefFoundError">java.lang.NoClassDefFoundError: org/hamcrest/SelfDescribing
Caused by: java.lang.ClassNotFoundException: org.hamcrest.SelfDescribing
</error>
  </testcase>
</testsuite>